This is pdfTeX, Version 3.14159265-2.6-1.40.20 (TeX Live 2019/Debian) (preloaded format=pdflatex 2022.1.14)  17 JAN 2022 08:14
entering extended mode
 restricted \write18 enabled.
 %&-line parsing enabled.
**phd.tex
(./phd.tex
LaTeX2e <2020-02-02> patch level 2
L3 programming layer <2020-02-14>
(/usr/share/texlive/texmf-dist/tex/latex/base/book.cls
Document Class: book 2019/12/20 v1.4l Standard LaTeX document class
(/usr/share/texlive/texmf-dist/tex/latex/base/bk10.clo
File: bk10.clo 2019/12/20 v1.4l Standard LaTeX file (size option)
)
\c@part=\count167
\c@chapter=\count168
\c@section=\count169
\c@subsection=\count170
\c@subsubsection=\count171
\c@paragraph=\count172
\c@subparagraph=\count173
\c@figure=\count174
\c@table=\count175
\abovecaptionskip=\skip47
\belowcaptionskip=\skip48
\bibindent=\dimen134
)
(/usr/share/texlive/texmf-dist/tex/latex/amsmath/amsmath.sty
Package: amsmath 2020/01/20 v2.17e AMS math features
\@mathmargin=\skip49

For additional information on amsmath, use the `?' option.
(/usr/share/texlive/texmf-dist/tex/latex/amsmath/amstext.sty
Package: amstext 2000/06/29 v2.01 AMS text

(/usr/share/texlive/texmf-dist/tex/latex/amsmath/amsgen.sty
File: amsgen.sty 1999/11/30 v2.0 generic functions
\@emptytoks=\toks14
\ex@=\dimen135
))
(/usr/share/texlive/texmf-dist/tex/latex/amsmath/amsbsy.sty
Package: amsbsy 1999/11/29 v1.2d Bold Symbols
\pmbraise@=\dimen136
)
(/usr/share/texlive/texmf-dist/tex/latex/amsmath/amsopn.sty
Package: amsopn 2016/03/08 v2.02 operator names
)
\inf@bad=\count176
LaTeX Info: Redefining \frac on input line 227.
\uproot@=\count177
\leftroot@=\count178
LaTeX Info: Redefining \overline on input line 389.
\classnum@=\count179
\DOTSCASE@=\count180
LaTeX Info: Redefining \ldots on input line 486.
LaTeX Info: Redefining \dots on input line 489.
LaTeX Info: Redefining \cdots on input line 610.
\Mathstrutbox@=\box45
\strutbox@=\box46
\big@size=\dimen137
LaTeX Font Info:    Redeclaring font encoding OML on input line 733.
LaTeX Font Info:    Redeclaring font encoding OMS on input line 734.
\macc@depth=\count181
\c@MaxMatrixCols=\count182
\dotsspace@=\muskip16
\c@parentequation=\count183
\dspbrk@lvl=\count184
\tag@help=\toks15
\row@=\count185
\column@=\count186
\maxfields@=\count187
\andhelp@=\toks16
\eqnshift@=\dimen138
\alignsep@=\dimen139
\tagshift@=\dimen140
\tagwidth@=\dimen141
\totwidth@=\dimen142
\lineht@=\dimen143
\@envbody=\toks17
\multlinegap=\skip50
\multlinetaggap=\skip51
\mathdisplay@stack=\toks18
LaTeX Info: Redefining \[ on input line 2859.
LaTeX Info: Redefining \] on input line 2860.
)
(/usr/share/texlive/texmf-dist/tex/latex/preprint/authblk.sty
Package: authblk 2001/02/27 1.3 (PWD)
\affilsep=\skip52
\@affilsep=\skip53
\c@Maxaffil=\count188
\c@authors=\count189
\c@affil=\count190
)
(/usr/share/texlive/texmf-dist/tex/latex/biblatex/biblatex.sty
Package: biblatex 2019/12/01 v3.14 programmable bibliographies (PK/MW)

(/usr/share/texlive/texmf-dist/tex/latex/pdftexcmds/pdftexcmds.sty
Package: pdftexcmds 2019/11/24 v0.31 Utility functions of pdfTeX for LuaTeX (HO
)

(/usr/share/texlive/texmf-dist/tex/generic/infwarerr/infwarerr.sty
Package: infwarerr 2019/12/03 v1.5 Providing info/warning/error messages (HO)
)
(/usr/share/texlive/texmf-dist/tex/generic/iftex/iftex.sty
Package: iftex 2019/11/07 v1.0c TeX engine tests
)
(/usr/share/texlive/texmf-dist/tex/generic/ltxcmds/ltxcmds.sty
Package: ltxcmds 2019/12/15 v1.24 LaTeX kernel commands for general use (HO)
)
Package pdftexcmds Info: \pdf@primitive is available.
Package pdftexcmds Info: \pdf@ifprimitive is available.
Package pdftexcmds Info: \pdfdraftmode found.
)
(/usr/share/texlive/texmf-dist/tex/latex/etoolbox/etoolbox.sty
Package: etoolbox 2019/09/21 v2.5h e-TeX tools for LaTeX (JAW)
\etb@tempcnta=\count191
)
(/usr/share/texlive/texmf-dist/tex/latex/graphics/keyval.sty
Package: keyval 2014/10/28 v1.15 key=value parser (DPC)
\KV@toks@=\toks19
)
(/usr/share/texlive/texmf-dist/tex/latex/kvoptions/kvoptions.sty
Package: kvoptions 2019/11/29 v3.13 Key value format for package options (HO)

(/usr/share/texlive/texmf-dist/tex/generic/kvsetkeys/kvsetkeys.sty
Package: kvsetkeys 2019/12/15 v1.18 Key value parser (HO)
))
(/usr/share/texlive/texmf-dist/tex/latex/logreq/logreq.sty
Package: logreq 2010/08/04 v1.0 xml request logger
\lrq@indent=\count192

(/usr/share/texlive/texmf-dist/tex/latex/logreq/logreq.def
File: logreq.def 2010/08/04 v1.0 logreq spec v1.0
))
(/usr/share/texlive/texmf-dist/tex/latex/base/ifthen.sty
Package: ifthen 2014/09/29 v1.1c Standard LaTeX ifthen package (DPC)
)
(/usr/share/texlive/texmf-dist/tex/latex/url/url.sty
\Urlmuskip=\muskip17
Package: url 2013/09/16  ver 3.4  Verb mode for urls, etc.
)
\c@tabx@nest=\count193
\c@listtotal=\count194
\c@listcount=\count195
\c@liststart=\count196
\c@liststop=\count197
\c@citecount=\count198
\c@citetotal=\count199
\c@multicitecount=\count266
\c@multicitetotal=\count267
\c@instcount=\count268
\c@maxnames=\count269
\c@minnames=\count270
\c@maxitems=\count271
\c@minitems=\count272
\c@citecounter=\count273
\c@maxcitecounter=\count274
\c@savedcitecounter=\count275
\c@uniquelist=\count276
\c@uniquename=\count277
\c@refsection=\count278
\c@refsegment=\count279
\c@maxextratitle=\count280
\c@maxextratitleyear=\count281
\c@maxextraname=\count282
\c@maxextradate=\count283
\c@maxextraalpha=\count284
\c@abbrvpenalty=\count285
\c@highnamepenalty=\count286
\c@lownamepenalty=\count287
\c@maxparens=\count288
\c@parenlevel=\count289
\blx@tempcnta=\count290
\blx@tempcntb=\count291
\blx@tempcntc=\count292
\blx@maxsection=\count293
\blx@maxsegment@0=\count294
\blx@notetype=\count295
\blx@parenlevel@text=\count296
\blx@parenlevel@foot=\count297
\blx@sectionciteorder@0=\count298
\blx@entrysetcounter=\count299
\labelnumberwidth=\skip54
\labelalphawidth=\skip55
\biblabelsep=\skip56
\bibitemsep=\skip57
\bibnamesep=\skip58
\bibinitsep=\skip59
\bibparsep=\skip60
\bibhang=\skip61
\blx@bcfin=\read2
\blx@bcfout=\write3
\blx@langwohyphens=\language85
\c@mincomprange=\count300
\c@maxcomprange=\count301
\c@mincompwidth=\count302
Package biblatex Info: Trying to load biblatex default data model...
Package biblatex Info: ... file 'blx-dm.def' found.

(/usr/share/texlive/texmf-dist/tex/latex/biblatex/blx-dm.def
File: blx-dm.def 2019/12/01 v3.14 biblatex localization (PK/MW)
)
Package biblatex Info: Trying to load biblatex style data model...
Package biblatex Info: ... file 'authoryear.dbx' not found.
Package biblatex Info: Trying to load biblatex custom data model...
Package biblatex Info: ... file 'biblatex-dm.cfg' not found.
\c@afterword=\count303
\c@savedafterword=\count304
\c@annotator=\count305
\c@savedannotator=\count306
\c@author=\count307
\c@savedauthor=\count308
\c@bookauthor=\count309
\c@savedbookauthor=\count310
\c@commentator=\count311
\c@savedcommentator=\count312
\c@editor=\count313
\c@savededitor=\count314
\c@editora=\count315
\c@savededitora=\count316
\c@editorb=\count317
\c@savededitorb=\count318
\c@editorc=\count319
\c@savededitorc=\count320
\c@foreword=\count321
\c@savedforeword=\count322
\c@holder=\count323
\c@savedholder=\count324
\c@introduction=\count325
\c@savedintroduction=\count326
\c@namea=\count327
\c@savednamea=\count328
\c@nameb=\count329
\c@savednameb=\count330
\c@namec=\count331
\c@savednamec=\count332
\c@translator=\count333
\c@savedtranslator=\count334
\c@shortauthor=\count335
\c@savedshortauthor=\count336
\c@shorteditor=\count337
\c@savedshorteditor=\count338
\c@labelname=\count339
\c@savedlabelname=\count340
\c@institution=\count341
\c@savedinstitution=\count342
\c@lista=\count343
\c@savedlista=\count344
\c@listb=\count345
\c@savedlistb=\count346
\c@listc=\count347
\c@savedlistc=\count348
\c@listd=\count349
\c@savedlistd=\count350
\c@liste=\count351
\c@savedliste=\count352
\c@listf=\count353
\c@savedlistf=\count354
\c@location=\count355
\c@savedlocation=\count356
\c@organization=\count357
\c@savedorganization=\count358
\c@origlocation=\count359
\c@savedoriglocation=\count360
\c@origpublisher=\count361
\c@savedorigpublisher=\count362
\c@publisher=\count363
\c@savedpublisher=\count364
\c@language=\count365
\c@savedlanguage=\count366
\c@origlanguage=\count367
\c@savedoriglanguage=\count368
\c@pageref=\count369
\c@savedpageref=\count370
\shorthandwidth=\skip62
\shortjournalwidth=\skip63
\shortserieswidth=\skip64
\shorttitlewidth=\skip65
\shortauthorwidth=\skip66
\shorteditorwidth=\skip67
\locallabelnumberwidth=\skip68
\locallabelalphawidth=\skip69
\localshorthandwidth=\skip70
\localshortjournalwidth=\skip71
\localshortserieswidth=\skip72
\localshorttitlewidth=\skip73
\localshortauthorwidth=\skip74
\localshorteditorwidth=\skip75
Package biblatex Info: Trying to load compatibility code...
Package biblatex Info: ... file 'blx-compat.def' found.

(/usr/share/texlive/texmf-dist/tex/latex/biblatex/blx-compat.def
File: blx-compat.def 2019/12/01 v3.14 biblatex compatibility (PK/MW)
)
Package biblatex Info: Trying to load generic definitions...
Package biblatex Info: ... file 'biblatex.def' found.

(/usr/share/texlive/texmf-dist/tex/latex/biblatex/biblatex.def
File: biblatex.def 2019/12/01 v3.14 biblatex compatibility (PK/MW)
\c@textcitecount=\count371
\c@textcitetotal=\count372
\c@textcitemaxnames=\count373
\c@biburlbigbreakpenalty=\count374
\c@biburlbreakpenalty=\count375
\c@biburlnumpenalty=\count376
\c@biburlucpenalty=\count377
\c@biburllcpenalty=\count378
\biburlbigskip=\muskip18
\biburlnumskip=\muskip19
\biburlucskip=\muskip20
\biburllcskip=\muskip21
\c@smartand=\count379
)
Package biblatex Info: Trying to load bibliography style 'authoryear'...
Package biblatex Info: ... file 'authoryear.bbx' found.

(/usr/share/texlive/texmf-dist/tex/latex/biblatex/bbx/authoryear.bbx
File: authoryear.bbx 2019/12/01 v3.14 biblatex bibliography style (PK/MW)
Package biblatex Info: Trying to load bibliography style 'standard'...
Package biblatex Info: ... file 'standard.bbx' found.

(/usr/share/texlive/texmf-dist/tex/latex/biblatex/bbx/standard.bbx
File: standard.bbx 2019/12/01 v3.14 biblatex bibliography style (PK/MW)
\c@bbx:relatedcount=\count380
\c@bbx:relatedtotal=\count381
))
Package biblatex Info: Trying to load citation style 'authoryear'...
Package biblatex Info: ... file 'authoryear.cbx' found.

(/usr/share/texlive/texmf-dist/tex/latex/biblatex/cbx/authoryear.cbx
File: authoryear.cbx 2019/12/01 v3.14 biblatex citation style (PK/MW)
Package biblatex Info: Redefining '\cite'.
Package biblatex Info: Redefining '\parencite'.
Package biblatex Info: Redefining '\footcite'.
Package biblatex Info: Redefining '\footcitetext'.
Package biblatex Info: Redefining '\smartcite'.
Package biblatex Info: Redefining '\textcite'.
Package biblatex Info: Redefining '\textcites'.
)
Package biblatex Info: Trying to load configuration file...
Package biblatex Info: ... file 'biblatex.cfg' found.

(/usr/share/texlive/texmf-dist/tex/latex/biblatex/biblatex.cfg
File: biblatex.cfg 
))
(/usr/share/texlive/texmf-dist/tex/latex/caption/caption.sty
Package: caption 2020/01/03 v3.4h Customizing captions (AR)

(/usr/share/texlive/texmf-dist/tex/latex/caption/caption3.sty
Package: caption3 2020/01/03 v1.8h caption3 kernel (AR)
Package caption3 Info: TeX engine: e-TeX on input line 61.
\captionmargin=\dimen144
\captionmargin@=\dimen145
\captionwidth=\dimen146
\caption@tempdima=\dimen147
\caption@indent=\dimen148
\caption@parindent=\dimen149
\caption@hangindent=\dimen150
Package caption Info: Standard document class detected.
)
\c@caption@flags=\count382
\c@continuedfloat=\count383
)
(/usr/share/texlive/texmf-dist/tex/latex/chngcntr/chngcntr.sty
Package: chngcntr 2018/04/09 v1.1a change counter resetting
Package chngcntr Info: \counterwithout already defined.
(chngcntr)             Quitting chngcntr on input line 21.
)
(/usr/share/texlive/texmf-dist/tex/latex/csquotes/csquotes.sty
Package: csquotes 2019-12-06 v5.2j context-sensitive quotations (JAW)
\csq@reset=\count384
\csq@gtype=\count385
\csq@glevel=\count386
\csq@qlevel=\count387
\csq@maxlvl=\count388
\csq@tshold=\count389
\csq@ltx@everypar=\toks20

(/usr/share/texlive/texmf-dist/tex/latex/csquotes/csquotes.def
File: csquotes.def 2019-12-06 v5.2j csquotes generic definitions (JAW)
)
Package csquotes Info: Trying to load configuration file 'csquotes.cfg'...
Package csquotes Info: ... configuration file loaded successfully.

(/usr/share/texlive/texmf-dist/tex/latex/csquotes/csquotes.cfg
File: csquotes.cfg 
))
(/usr/share/texlive/texmf-dist/tex/latex/enumitem/enumitem.sty
Package: enumitem 2019/06/20 v3.9 Customized lists
\labelindent=\skip76
\enit@outerparindent=\dimen151
\enit@toks=\toks21
\enit@inbox=\box47
\enit@count@id=\count390
\enitdp@description=\count391
)
(/usr/share/texlive/texmf-dist/tex/generic/expex/expex.sty
Package: expex 5/1/2017 v5.1b LaTex wrapper for expex.tex (JF)

(/usr/share/texlive/texmf-dist/tex/latex/xkeyval/xkeyval.sty
Package: xkeyval 2014/12/03 v2.7a package option processing (HA)

(/usr/share/texlive/texmf-dist/tex/generic/xkeyval/xkeyval.tex
(/usr/share/texlive/texmf-dist/tex/generic/xkeyval/xkvutils.tex
\XKV@toks=\toks22
\XKV@tempa@toks=\toks23
)
\XKV@depth=\count392
File: xkeyval.tex 2014/12/03 v2.7a key=value parser (HA)
))
(/usr/share/texlive/texmf-dist/tex/generic/expex/expex.tex
File: expex.tex 5/25/2017 v5.1b ExPex linguistics example formatter (JF)
\ep@dima=\dimen152
\ep@dimb=\dimen153
\ep@dimc=\dimen154
\ep@cnta=\count393
\epc@b=\count394
\excnt=\count395
\numbox=\box48
\epd@numright=\dimen155
\pexcnt=\count396
\epd@labelleft=\dimen156
\epd@labelright=\dimen157
\epd@textleft=\dimen158
\epd@preambleleft=\dimen159
\epd@sampleexnowidth=\dimen160
\ep@everylabel=\toks24
\exnobox=\box49
\ling@tagsfile=\write4
\ling@tagsin=\read3
\glstrutbox=\box50
\ep@cascadeindent=\dimen161
\ep@hangindentamount=\dimen162
\ep@cascadecount=\count397
\gltoks@a=\toks25
\gltoks@b=\toks26
\glw@maxht=\dimen163
\glw@maxdp=\dimen164
\@itemtype=\count398
\gl@maxdplast=\dimen165
\gltoks@sofar=\toks27
\gltoks@every=\toks28
\gltoks@next=\toks29
\debug@glword=\box51
\@glaparsestate=\count399
\glwcascade@pshapeindent=\dimen166
\glwcascade@pshapelinewd=\dimen167
\ssleftwd=\dimen168
\ssrightwd=\dimen169
))
(/usr/share/texlive/texmf-dist/tex/latex/base/fontenc.sty
Package: fontenc 2020/02/11 v2.0o Standard LaTeX package
)
(/usr/share/texlive/texmf-dist/tex/latex/graphics/graphicx.sty
Package: graphicx 2019/11/30 v1.2a Enhanced LaTeX Graphics (DPC,SPQR)

(/usr/share/texlive/texmf-dist/tex/latex/graphics/graphics.sty
Package: graphics 2019/11/30 v1.4a Standard LaTeX Graphics (DPC,SPQR)

(/usr/share/texlive/texmf-dist/tex/latex/graphics/trig.sty
Package: trig 2016/01/03 v1.10 sin cos tan (DPC)
)
(/usr/share/texlive/texmf-dist/tex/latex/graphics-cfg/graphics.cfg
File: graphics.cfg 2016/06/04 v1.11 sample graphics configuration
)
Package graphics Info: Driver file: pdftex.def on input line 105.

(/usr/share/texlive/texmf-dist/tex/latex/graphics-def/pdftex.def
File: pdftex.def 2018/01/08 v1.0l Graphics/color driver for pdftex
))
\Gin@req@height=\dimen170
\Gin@req@width=\dimen171
)
(/usr/share/texlive/texmf-dist/tex/latex/hyperref/hyperref.sty
Package: hyperref 2020/01/14 v7.00d Hypertext links for LaTeX

(/usr/share/texlive/texmf-dist/tex/generic/kvdefinekeys/kvdefinekeys.sty
Package: kvdefinekeys 2019-12-19 v1.6 Define keys (HO)
)
(/usr/share/texlive/texmf-dist/tex/generic/pdfescape/pdfescape.sty
Package: pdfescape 2019/12/09 v1.15 Implements pdfTeX's escape features (HO)
)
(/usr/share/texlive/texmf-dist/tex/latex/hycolor/hycolor.sty
Package: hycolor 2020-01-27 v1.10 Color options for hyperref/bookmark (HO)
)
(/usr/share/texlive/texmf-dist/tex/latex/letltxmacro/letltxmacro.sty
Package: letltxmacro 2019/12/03 v1.6 Let assignment for LaTeX macros (HO)
)
(/usr/share/texlive/texmf-dist/tex/latex/auxhook/auxhook.sty
Package: auxhook 2019-12-17 v1.6 Hooks for auxiliary files (HO)
)
\@linkdim=\dimen172
\Hy@linkcounter=\count400
\Hy@pagecounter=\count401

(/usr/share/texlive/texmf-dist/tex/latex/hyperref/pd1enc.def
File: pd1enc.def 2020/01/14 v7.00d Hyperref: PDFDocEncoding definition (HO)
Now handling font encoding PD1 ...
... no UTF-8 mapping file for font encoding PD1
)
(/usr/share/texlive/texmf-dist/tex/generic/intcalc/intcalc.sty
Package: intcalc 2019/12/15 v1.3 Expandable calculations with integers (HO)
)
(/usr/share/texlive/texmf-dist/tex/generic/etexcmds/etexcmds.sty
Package: etexcmds 2019/12/15 v1.7 Avoid name clashes with e-TeX commands (HO)
)
\Hy@SavedSpaceFactor=\count402
\pdfmajorversion=\count403
Package hyperref Info: Hyper figures OFF on input line 4547.
Package hyperref Info: Link nesting OFF on input line 4552.
Package hyperref Info: Hyper index ON on input line 4555.
Package hyperref Info: Plain pages OFF on input line 4562.
Package hyperref Info: Backreferencing OFF on input line 4567.
Package hyperref Info: Implicit mode ON; LaTeX internals redefined.
Package hyperref Info: Bookmarks ON on input line 4800.
\c@Hy@tempcnt=\count404
LaTeX Info: Redefining \url on input line 5159.
\XeTeXLinkMargin=\dimen173

(/usr/share/texlive/texmf-dist/tex/generic/bitset/bitset.sty
Package: bitset 2019/12/09 v1.3 Handle bit-vector datatype (HO)

(/usr/share/texlive/texmf-dist/tex/generic/bigintcalc/bigintcalc.sty
Package: bigintcalc 2019/12/15 v1.5 Expandable calculations on big integers (HO
)
))
\Fld@menulength=\count405
\Field@Width=\dimen174
\Fld@charsize=\dimen175
Package hyperref Info: Hyper figures OFF on input line 6430.
Package hyperref Info: Link nesting OFF on input line 6435.
Package hyperref Info: Hyper index ON on input line 6438.
Package hyperref Info: backreferencing OFF on input line 6445.
Package hyperref Info: Link coloring OFF on input line 6450.
Package hyperref Info: Link coloring with OCG OFF on input line 6455.
Package hyperref Info: PDF/A mode OFF on input line 6460.
LaTeX Info: Redefining \ref on input line 6500.
LaTeX Info: Redefining \pageref on input line 6504.

(/usr/share/texlive/texmf-dist/tex/generic/atbegshi/atbegshi.sty
Package: atbegshi 2019/12/05 v1.19 At begin shipout hook (HO)
)
\Hy@abspage=\count406
\c@Item=\count407
\c@Hfootnote=\count408
)
Package hyperref Info: Driver (autodetected): hpdftex.

(/usr/share/texlive/texmf-dist/tex/latex/hyperref/hpdftex.def
File: hpdftex.def 2020/01/14 v7.00d Hyperref driver for pdfTeX

(/usr/share/texlive/texmf-dist/tex/latex/atveryend/atveryend.sty
Package: atveryend 2019-12-11 v1.11 Hooks at the very end of document (HO)
)
\Fld@listcount=\count409
\c@bookmark@seq@number=\count410

(/usr/share/texlive/texmf-dist/tex/latex/rerunfilecheck/rerunfilecheck.sty
Package: rerunfilecheck 2019/12/05 v1.9 Rerun checks for auxiliary files (HO)

(/usr/share/texlive/texmf-dist/tex/generic/uniquecounter/uniquecounter.sty
Package: uniquecounter 2019/12/15 v1.4 Provide unlimited unique counter (HO)
)
Package uniquecounter Info: New unique counter `rerunfilecheck' on input line 2
86.
)
\Hy@SectionHShift=\skip77
)
(/usr/share/texlive/texmf-dist/tex/latex/soul/soul.sty
Package: soul 2003/11/17 v2.4 letterspacing/underlining (mf)
\SOUL@word=\toks30
\SOUL@lasttoken=\toks31
\SOUL@cmds=\toks32
\SOUL@buffer=\toks33
\SOUL@token=\toks34
\SOUL@spaceskip=\skip78
\SOUL@ttwidth=\dimen176
\SOUL@uldp=\dimen177
\SOUL@ulht=\dimen178
)
(/usr/share/texlive/texmf-dist/tex/latex/glossaries/base/glossaries.sty
Package: glossaries 2020/02/13 v4.45 (NLCT)

(/usr/share/texlive/texmf-dist/tex/latex/mfirstuc/mfirstuc.sty
Package: mfirstuc 2017/11/14 v2.06 (NLCT)
\@glsmfirst=\toks35
\@glsmrest=\toks36
)
(/usr/share/texlive/texmf-dist/tex/latex/textcase/textcase.sty
Package: textcase 2019/09/14 v1.00 Text only upper/lower case changing (DPC)
)
(/usr/share/texlive/texmf-dist/tex/latex/xfor/xfor.sty
Package: xfor 2009/02/05 v1.05 (NLCT)
)
(/usr/share/texlive/texmf-dist/tex/latex/datatool/datatool-base.sty
Package: datatool-base 2019/09/27 v2.32 (NLCT)

(/usr/share/texlive/texmf-dist/tex/latex/substr/substr.sty
Package: substr 2009/10/20 v1.2 Handle substrings
\c@su@anzahl=\count411
)
(/usr/share/texlive/texmf-dist/tex/latex/datatool/datatool-fp.sty
Package: datatool-fp 2019/09/27 v2.32 (NLCT)

(/usr/share/texlive/texmf-dist/tex/latex/fp/fp.sty
Package: fp 1995/04/02

`Fixed Point Package', Version 0.8, April 2, 1995 (C) Michael Mehlich
(/usr/share/texlive/texmf-dist/tex/latex/fp/defpattern.sty
Package: defpattern 1994/10/12
\actioncount=\count412
)
(/usr/share/texlive/texmf-dist/tex/latex/fp/fp-basic.sty
Package: fp-basic 1996/05/13
\FP@xs=\count413
\FP@xia=\count414
\FP@xib=\count415
\FP@xfa=\count416
\FP@xfb=\count417
\FP@rega=\count418
\FP@regb=\count419
\FP@regs=\count420
\FP@times=\count421
)
(/usr/share/texlive/texmf-dist/tex/latex/fp/fp-addons.sty
Package: fp-addons 1995/03/15
)
(/usr/share/texlive/texmf-dist/tex/latex/fp/fp-snap.sty
Package: fp-snap 1995/04/05
)
(/usr/share/texlive/texmf-dist/tex/latex/fp/fp-exp.sty
Package: fp-exp 1995/04/03
)
(/usr/share/texlive/texmf-dist/tex/latex/fp/fp-trigo.sty
Package: fp-trigo 1995/04/14
)
(/usr/share/texlive/texmf-dist/tex/latex/fp/fp-pas.sty
Package: fp-pas 1994/08/29
)
(/usr/share/texlive/texmf-dist/tex/latex/fp/fp-random.sty
Package: fp-random 1995/02/23
\FPseed=\count422
)
(/usr/share/texlive/texmf-dist/tex/latex/fp/fp-eqn.sty
Package: fp-eqn 1995/04/03
)
(/usr/share/texlive/texmf-dist/tex/latex/fp/fp-upn.sty
Package: fp-upn 1996/10/21
)
(/usr/share/texlive/texmf-dist/tex/latex/fp/fp-eval.sty
Package: fp-eval 1995/04/03
)))
\@dtl@toks=\toks37
\@dtl@tmpcount=\count423
\dtl@tmplength=\skip79
\dtl@sortresult=\count424
\@dtl@numgrpsepcount=\count425
\@dtl@datatype=\count426
\dtl@codeA=\count427
\dtl@codeB=\count428
\@dtl@foreach@level=\count429
)
(/usr/share/texlive/texmf-dist/tex/latex/glossaries/base/glossaries-compatible-
307.sty
Package: glossaries-compatible-307 2020/02/13 v4.45 (NLCT)
)
\gls@level=\count430
\@gls@tmpb=\toks38
\gls@tmplen=\skip80
\glskeylisttok=\toks39
\glslabeltok=\toks40
\glsshorttok=\toks41
\glslongtok=\toks42

(/usr/share/texlive/texmf-dist/tex/latex/glossaries/styles/glossary-hypernav.st
y
Package: glossary-hypernav 2020/02/13 v4.45 (NLCT)
) (/usr/share/texlive/texmf-dist/tex/latex/glossaries/styles/glossary-list.sty
Package: glossary-list 2020/02/13 v4.45 (NLCT)
\glslistdottedwidth=\skip81
) (/usr/share/texlive/texmf-dist/tex/latex/glossaries/styles/glossary-long.sty
Package: glossary-long 2020/02/13 v4.45 (NLCT)

(/usr/share/texlive/texmf-dist/tex/latex/tools/longtable.sty
Package: longtable 2020/01/07 v4.13 Multi-page Table package (DPC)
\LTleft=\skip82
\LTright=\skip83
\LTpre=\skip84
\LTpost=\skip85
\LTchunksize=\count431
\LTcapwidth=\dimen179
\LT@head=\box52
\LT@firsthead=\box53
\LT@foot=\box54
\LT@lastfoot=\box55
\LT@cols=\count432
\LT@rows=\count433
\c@LT@tables=\count434
\c@LT@chunks=\count435
\LT@p@ftn=\toks43
)
\glsdescwidth=\skip86
\glspagelistwidth=\skip87
)
(/usr/share/texlive/texmf-dist/tex/latex/glossaries/styles/glossary-super.sty
Package: glossary-super 2020/02/13 v4.45 (NLCT)

(/usr/share/texlive/texmf-dist/tex/latex/supertabular/supertabular.sty
Package: supertabular 2020/02/02 v4.1g the supertabular environment
\c@tracingst=\count436
\ST@wd=\dimen180
\ST@rightskip=\skip88
\ST@leftskip=\skip89
\ST@parfillskip=\skip90
\ST@pageleft=\dimen181
\ST@headht=\dimen182
\ST@tailht=\dimen183
\ST@pagesofar=\dimen184
\ST@pboxht=\dimen185
\ST@lineht=\dimen186
\ST@prevht=\dimen187
\ST@toadd=\dimen188
\ST@dimen=\dimen189
\ST@pbox=\box56
))
(/usr/share/texlive/texmf-dist/tex/latex/glossaries/styles/glossary-tree.sty
Package: glossary-tree 2020/02/13 v4.45 (NLCT)
\glstreeindent=\skip91
))
\glswrite=\write5
\glo@main@file=\write6
\openout6 = `phd.glo'.

Package glossaries Info: Writing glossary file phd.glo on input line 42.
Package csquotes Info: Checking for multilingual support...
Package csquotes Info: ... none found.

(/usr/share/texlive/texmf-dist/tex/latex/l3backend/l3backend-pdfmode.def
File: l3backend-pdfmode.def 2020-02-03 L3 backend support: PDF mode
\l__kernel_color_stack_int=\count437
\l__pdf_internal_box=\box57
)
(./phd.aux)
\openout1 = `phd.aux'.

LaTeX Font Info:    Checking defaults for OML/cmm/m/it on input line 54.
LaTeX Font Info:    ... okay on input line 54.
LaTeX Font Info:    Checking defaults for OMS/cmsy/m/n on input line 54.
LaTeX Font Info:    ... okay on input line 54.
LaTeX Font Info:    Checking defaults for OT1/cmr/m/n on input line 54.
LaTeX Font Info:    ... okay on input line 54.
LaTeX Font Info:    Checking defaults for T1/cmr/m/n on input line 54.
LaTeX Font Info:    ... okay on input line 54.
LaTeX Font Info:    Checking defaults for TS1/cmr/m/n on input line 54.
LaTeX Font Info:    ... okay on input line 54.
LaTeX Font Info:    Checking defaults for OMX/cmex/m/n on input line 54.
LaTeX Font Info:    ... okay on input line 54.
LaTeX Font Info:    Checking defaults for U/cmr/m/n on input line 54.
LaTeX Font Info:    ... okay on input line 54.
LaTeX Font Info:    Checking defaults for PD1/pdf/m/n on input line 54.
LaTeX Font Info:    ... okay on input line 54.
Package biblatex Info: Trying to load language 'english'...
Package biblatex Info: ... file 'english.lbx' found.
 (/usr/share/texlive/texmf-dist/tex/latex/biblatex/lbx/english.lbx
File: english.lbx 2019/12/01 v3.14 biblatex localization (PK/MW)
)
Package biblatex Info: Input encoding 'utf8' detected.
Package biblatex Info: Automatic encoding selection.
(biblatex)             Assuming data encoding 'utf8'.
\openout3 = `phd.bcf'.

Package biblatex Info: Trying to load bibliographic data...
Package biblatex Info: ... file 'phd.bbl' found.

(./phd.bbl)
Package biblatex Info: Reference section=0 on input line 54.
Package biblatex Info: Reference segment=0 on input line 54.
Package caption Info: Begin \AtBeginDocument code.
Package caption Info: hyperref package is loaded.
Package caption Info: longtable package is loaded.
 (/usr/share/texlive/texmf-dist/tex/latex/caption/ltcaption.sty
Package: ltcaption 2018/08/26 v1.4a longtable captions (AR)
)
Package caption Info: supertabular package is loaded.
Package caption Info: End \AtBeginDocument code.

(/usr/share/texlive/texmf-dist/tex/context/base/mkii/supp-pdf.mkii
[Loading MPS to PDF converter (version 2006.09.02).]
\scratchcounter=\count438
\scratchdimen=\dimen190
\scratchbox=\box58
\nofMPsegments=\count439
\nofMParguments=\count440
\everyMPshowfont=\toks44
\MPscratchCnt=\count441
\MPscratchDim=\dimen191
\MPnumerator=\count442
\makeMPintoPDFobject=\count443
\everyMPtoPDFconversion=\toks45
) (/usr/share/texlive/texmf-dist/tex/latex/epstopdf-pkg/epstopdf-base.sty
Package: epstopdf-base 2020-01-24 v2.11 Base part for package epstopdf
Package epstopdf-base Info: Redefining graphics rule for `.eps' on input line 4
85.

(/usr/share/texlive/texmf-dist/tex/latex/latexconfig/epstopdf-sys.cfg
File: epstopdf-sys.cfg 2010/07/13 v1.3 Configuration of (r)epstopdf for TeX Liv
e
))
\AtBeginShipoutBox=\box59
Package hyperref Info: Link coloring OFF on input line 54.

(/usr/share/texlive/texmf-dist/tex/latex/hyperref/nameref.sty
Package: nameref 2019/09/16 v2.46 Cross-referencing by name of section

(/usr/share/texlive/texmf-dist/tex/latex/refcount/refcount.sty
Package: refcount 2019/12/15 v3.6 Data extraction from label references (HO)
)
(/usr/share/texlive/texmf-dist/tex/generic/gettitlestring/gettitlestring.sty
Package: gettitlestring 2019/12/15 v1.6 Cleanup title references (HO)
)
\c@section@level=\count444
)
LaTeX Info: Redefining \ref on input line 54.
LaTeX Info: Redefining \pageref on input line 54.
LaTeX Info: Redefining \nameref on input line 54.

(./phd.out) (./phd.out)
\@outlinefile=\write7
\openout7 = `phd.out'.

 (./phd.glsdefs) [1

\openout5 = `phd.ist'.



{/var/lib/texmf/fonts/map/pdftex/updmap/pdftex.map}] (./phd.toc)
\tf@toc=\write8
\openout8 = `phd.toc'.

pdfTeX warning (ext4): destination with the same identifier (name{page.i}) has 
been already used, duplicate ignored
<to be read again> 
                   \relax 
l.61 \listoffigures
                    [1

] (./phd.lof)
\tf@lof=\write9
\openout9 = `phd.lof'.

 [2

] (./phd.lot)
\tf@lot=\write10
\openout10 = `phd.lot'.

 (./phd.gls [3

]) [4


]
[5

]
Chapter 1.
[1


] [2]
Chapter 2.
[3

]
Overfull \hbox (20.56047pt too wide) in paragraph at lines 89--89
[]\T1/cmr/bx/n/14.4 Distributional Se-man-tic Mod-els for Word Senses 
 []


Overfull \vbox (0.27702pt too high) has occurred while \output is active []


[4] [5] [6]
Chapter 3.

Overfull \hbox (42.63934pt too wide) in paragraph at lines 109--113
[][] 
 []

[7

]
Chapter 4.
[8

] [9] [10] [11] [12]
Chapter 5.
[13

]
Overfull \hbox (35.19672pt too wide) in paragraph at lines 209--213
[][] 
 []

[14]
Overfull \hbox (8.23822pt too wide) in paragraph at lines 229--229
[]\T1/cmr/m/n/10 Cosine
 []


Underfull \hbox (badness 10000) in paragraph at lines 229--229
\T1/cmr/m/n/10 Sim-
 []


Underfull \hbox (badness 10000) in paragraph at lines 229--229
\T1/cmr/m/n/10 i-lar-
 []


Overfull \hbox (79.20126pt too wide) in paragraph at lines 228--329
[][] 
 []


LaTeX Warning: Float too large for page by 63.67957pt on input line 331.

[15]
Overfull \hbox (8.23822pt too wide) in paragraph at lines 339--339
[]\T1/cmr/m/n/10 Cosine
 []


Underfull \hbox (badness 10000) in paragraph at lines 339--339
\T1/cmr/m/n/10 Sim-
 []


Underfull \hbox (badness 10000) in paragraph at lines 339--339
\T1/cmr/m/n/10 i-lar-
 []


Overfull \hbox (79.20126pt too wide) in paragraph at lines 338--440
[][] 
 []


LaTeX Warning: Float too large for page by 86.9455pt on input line 442.

[16]
LaTeX Font Info:    Trying to load font information for T1+cmtt on input line 4
50.
 (/usr/share/texlive/texmf-dist/tex/latex/base/t1cmtt.fd
File: t1cmtt.fd 2019/12/16 v2.5j Standard LaTeX font definitions
)
Overfull \hbox (34.33554pt too wide) in paragraph at lines 450--451
\T1/cmr/m/n/10 synset ([]$\T1/cmtt/m/n/10 https : / / latinwordnet . exeter . a
c . uk / api / synsets / n / 04515071 /
 []


Overfull \hbox (15.83154pt too wide) in paragraph at lines 455--456
[]\T1/cmr/m/it/10 secundus \T1/cmr/m/n/10 `sec-ond' and \T1/cmr/m/it/10 sep-ti-
mus \T1/cmr/m/n/10 `sev-enth' are most cer-tainly co-hyponyms
 []


Overfull \hbox (16.61765pt too wide) in paragraph at lines 455--456
\T1/cmr/m/n/10 Word-net synset ([]$\T1/cmtt/m/n/10 https : / / latinwordnet . e
xeter . ac . uk / api / synsets /
 []


Overfull \hbox (12.61862pt too wide) in paragraph at lines 456--457
\T1/cmr/m/n/10 col-or-ing agent' ([]$\T1/cmtt/m/n/10 https : / / latinwordnet .
 exeter . ac . uk / api / synsets /
 []


Overfull \hbox (29.91995pt too wide) in paragraph at lines 457--458
\T1/cmr/m/n/10 synset: `(of-ten fol-lowed by äs[]) to the same de-gree' ([]$\T1
/cmtt/m/n/10 https : / / latinwordnet .
 []

[17]
Overfull \hbox (12.0pt too wide) in paragraph at lines 467--554
[][] 
 []

[18]
<figures/cos_dist_vs_freq.pdf, id=550, 462.52798pt x 346.89601pt>
File: figures/cos_dist_vs_freq.pdf Graphic file (type pdf)
<use figures/cos_dist_vs_freq.pdf>
Package pdftex.def Info: figures/cos_dist_vs_freq.pdf  used on input line 573.
(pdftex.def)             Requested size: 345.0pt x 258.76337pt.
 [19 <./figures/cos_dist_vs_freq.pdf>] [20]
<figures/ttr_vs_freq.pdf, id=583, 462.52798pt x 346.89601pt>
File: figures/ttr_vs_freq.pdf Graphic file (type pdf)
<use figures/ttr_vs_freq.pdf>
Package pdftex.def Info: figures/ttr_vs_freq.pdf  used on input line 605.
(pdftex.def)             Requested size: 345.0pt x 258.76337pt.
 [21] [22 <./figures/ttr_vs_freq.pdf>] [23] [24]
<figures/cluster_size_distribution.pdf, id=627, 462.52798pt x 346.89601pt>
File: figures/cluster_size_distribution.pdf Graphic file (type pdf)
<use figures/cluster_size_distribution.pdf>
Package pdftex.def Info: figures/cluster_size_distribution.pdf  used on input l
ine 686.
(pdftex.def)             Requested size: 345.0pt x 258.76337pt.
 [25 <./figures/cluster_size_distribution.pdf>] [26] [27]
[28]
Chapter 6.
[29

] [30

]
Overfull \hbox (0.5769pt too wide) in paragraph at lines 737--737
\T1/cmr/m/n/10 Em-bed-ding with Para-graph Vec-tors^^Q. In: \T1/cmr/m/it/10 arX
iv:1507.07998 [cs]\T1/cmr/m/n/10 . arXiv: []$\T1/cmtt/m/n/10 1507 .
 []

[31] [32]
Overfull \hbox (0.93214pt too wide) in paragraph at lines 737--737
[][]\T1/cmr/m/n/10 Gyllensten, Amaru Cuba, Ariel Ek-gren, and Mag-nus Sahlgren 
(2019). ^^P  R-Grams:
 []


Overfull \hbox (4.24127pt too wide) in paragraph at lines 737--737
[][]\T1/cmr/m/n/10 Harris, Zel-lig S. (Aug. 1954). ^^P  Dis-tri-bu-tional Struc
-ture^^Q. In: \T1/cmr/m/it/10 Word \T1/cmr/m/n/10 10.2-3, pp. 146^^U
 []

[33]
Overfull \hbox (14.03596pt too wide) in paragraph at lines 737--737
[][]\T1/cmr/m/n/10 Kühner, Raphael and Carl Stegmann (1914). \T1/cmr/m/it/10 Au
s-führliche Gram-matik Der Lateinis-
 []


Overfull \hbox (7.91826pt too wide) in paragraph at lines 737--737
\T1/cmr/m/n/10 Clas-si-fi-ca-tion Us-ing Me-chan-i-cal Turk^^Q. In: \T1/cmr/m/i
t/10 Pro-ceed-ings of the 12th ACM/IEEE-
 []

[34] [35]
Overfull \hbox (1.26097pt too wide) in paragraph at lines 737--737
[][]\T1/cmr/m/n/10 Punuru, Ja-nard-hana and Jian-hua Chen (Feb. 2012). ^^P  Lea
rn-ing Non-Taxonomical
 []


Overfull \hbox (12.84471pt too wide) in paragraph at lines 737--737
\T1/cmr/m/n/10 tory and Tool^^Q. In: \T1/cmr/m/it/10 Archivum La-tini-tatis Med
ii Aevi-Bulletin du Cange (ALMA)\T1/cmr/m/n/10 . 
 []

[36]
Overfull \hbox (14.09334pt too wide) in paragraph at lines 737--737
\T1/cmr/m/n/10 Sim-ple Struc-tural Cues to Verb Mean-ing^^Q. In: \T1/cmr/m/it/1
0 Child De-vel-op-ment \T1/cmr/m/n/10 83.4, pp. 1382^^U
 []

Package atveryend Info: Empty hook `BeforeClearDocument' on input line 739.
[37]
Package atveryend Info: Empty hook `AfterLastShipout' on input line 739.
 (./phd.aux)
Package atveryend Info: Executing hook `AtVeryEndDocument' on input line 739.
Package atveryend Info: Executing hook `AtEndAfterFileList' on input line 739.
Package rerunfilecheck Info: File `phd.out' has not changed.
(rerunfilecheck)             Checksum: 5DA823E53A6A123F082957AF4BE147B4;1042.
Package logreq Info: Writing requests to 'phd.run.xml'.
\openout1 = `phd.run.xml'.

 ) 
Here is how much of TeX's memory you used:
 20336 strings out of 481239
 352812 string characters out of 5920377
 1108452 words of memory out of 5000000
 35067 multiletter control sequences out of 15000+600000
 549286 words of font info for 54 fonts, out of 8000000 for 9000
 1141 hyphenation exceptions out of 8191
 51i,16n,77p,2209b,1920s stack positions out of 5000i,500n,10000p,200000b,80000s
pdfTeX warning (dest): name{glo:LOD} has been referenced but does not exist, 
replaced by a fixed one

{/usr/share/texmf/fonts/enc/dvips/cm-super/cm-super-t1.enc}{/usr/share/texmf/fo
nts/enc/dvips/cm-super/cm-super-ts1.enc}</usr/share/texlive/texmf-dist/fonts/ty
pe1/public/amsfonts/cm/cmex10.pfb></usr/share/texlive/texmf-dist/fonts/type1/pu
blic/amsfonts/cm/cmmi10.pfb></usr/share/texlive/texmf-dist/fonts/type1/public/a
msfonts/cm/cmmi7.pfb></usr/share/texlive/texmf-dist/fonts/type1/public/amsfonts
/cm/cmr10.pfb></usr/share/texlive/texmf-dist/fonts/type1/public/amsfonts/cm/cmr
7.pfb></usr/share/texlive/texmf-dist/fonts/type1/public/amsfonts/cm/cmsy10.pfb>
</usr/share/texlive/texmf-dist/fonts/type1/public/amsfonts/cm/cmsy7.pfb></usr/s
hare/texmf/fonts/type1/public/cm-super/sfbi1000.pfb></usr/share/texmf/fonts/typ
e1/public/cm-super/sfbx1000.pfb></usr/share/texmf/fonts/type1/public/cm-super/s
fbx1440.pfb></usr/share/texmf/fonts/type1/public/cm-super/sfbx2074.pfb></usr/sh
are/texmf/fonts/type1/public/cm-super/sfbx2488.pfb></usr/share/texmf/fonts/type
1/public/cm-super/sfcc1000.pfb></usr/share/texmf/fonts/type1/public/cm-super/sf
rm0600.pfb></usr/share/texmf/fonts/type1/public/cm-super/sfrm0700.pfb></usr/sha
re/texmf/fonts/type1/public/cm-super/sfrm0800.pfb></usr/share/texmf/fonts/type1
/public/cm-super/sfrm1000.pfb></usr/share/texmf/fonts/type1/public/cm-super/sfr
m1200.pfb></usr/share/texmf/fonts/type1/public/cm-super/sfrm1728.pfb></usr/shar
e/texmf/fonts/type1/public/cm-super/sfsl1000.pfb></usr/share/texmf/fonts/type1/
public/cm-super/sfti0800.pfb></usr/share/texmf/fonts/type1/public/cm-super/sfti
1000.pfb></usr/share/texmf/fonts/type1/public/cm-super/sftt1000.pfb>
Output written on phd.pdf (43 pages, 1343044 bytes).
PDF statistics:
 865 PDF objects out of 1000 (max. 8388607)
 776 compressed objects within 8 object streams
 218 named destinations out of 1000 (max. 500000)
 144 words of extra memory for PDF output out of 10000 (max. 10000000)

